<?xml version="1.0" encoding="UTF-8"?>
<!-- Generated by org.testng.reporters.JUnitReportReporter -->
<testsuite hostname="Rupendra" name="maventest.NewTest" tests="1" failures="0" timestamp="12 Jul 2019 06:48:10 GMT" time="12.448" errors="0">
  <testcase name="f" time="12.448" classname="maventest.NewTest"/>
</testsuite> <!-- maventest.NewTest -->
