<?xml version="1.0" encoding="UTF-8"?>
<!-- Generated by org.testng.reporters.JUnitReportReporter -->
<testsuite hostname="Rupendra" name="maventest.NewTest1" tests="1" failures="0" timestamp="12 Jul 2019 10:04:00 GMT" time="25.508" errors="0">
  <testcase name="f" time="25.508" classname="maventest.NewTest1"/>
</testsuite> <!-- maventest.NewTest1 -->
