<?xml version="1.0" encoding="UTF-8"?>
<!-- Generated by org.testng.reporters.JUnitReportReporter -->
<testsuite hostname="Rupendra" name="maventest.NewTest2" tests="1" failures="0" timestamp="12 Jul 2019 10:27:49 GMT" time="24.814" errors="0">
  <testcase name="f" time="24.814" classname="maventest.NewTest2"/>
</testsuite> <!-- maventest.NewTest2 -->
